  Game.cpp
c:\users\delom\docs\msc cgt\cmp501 ngd\planets\planets\game.cpp(2): warning C4067: unexpected tokens following preprocessor directive - expected a newline
c:\users\delom\docs\msc cgt\cmp501 ngd\planets\planets\game.cpp(41): warning C4129: '.': unrecognized character escape sequence
c:\users\delom\docs\msc cgt\cmp501 ngd\planets\planets\game.cpp(99): warning C4305: '=': truncation from 'double' to 'float'
c:\users\delom\docs\msc cgt\cmp501 ngd\planets\planets\game.cpp(245): warning C4244: 'initializing': conversion from '_Rep' to 'sf::Int32', possible loss of data
          with
          [
              _Rep=__int64
          ]
c:\users\delom\docs\msc cgt\cmp501 ngd\planets\planets\game.cpp(260): warning C4244: 'initializing': conversion from '_Rep' to 'sf::Int32', possible loss of data
          with
          [
              _Rep=__int64
          ]
c:\users\delom\docs\msc cgt\cmp501 ngd\planets\planets\game.cpp(432): warning C4244: 'argument': conversion from 'double' to 'float', possible loss of data
c:\users\delom\docs\msc cgt\cmp501 ngd\planets\planets\game.cpp(482): warning C4244: 'initializing': conversion from '_Rep' to 'sf::Int32', possible loss of data
          with
          [
              _Rep=__int64
          ]
c:\users\delom\docs\msc cgt\cmp501 ngd\planets\planets\game.cpp(498): warning C4244: '=': conversion from '_Rep' to 'sf::Int32', possible loss of data
          with
          [
              _Rep=__int64
          ]
  Generating code
  2 of 1705 functions ( 0.1%) were compiled, the rest were copied from previous compilation.
    0 functions were new in current compilation
    1 functions had inline decision re-evaluated but remain unchanged
  Finished generating code
  Planets.vcxproj -> C:\Users\Delom\Docs\MSc CGT\CMP501 NGD\Planets\Release\Planets.exe
